Build started 2018/3/14 星期三 20:24:13.
     1>Project "E:\unicode\FreeType\freetype-2.9\builds\windows\vc2012\freetype.vcxproj" on node 2 (Build target(s)).
     1>ClCompile:
         C:\Program Files (x86)\Microsoft Visual Studio 12.0\VC\bin\CL.exe /c /I..\..\..\include /Zi /nologo /W4 /WX- /MP /Od /Ob0 /Oy- /D WIN32 /D _DEBUG /D _LIB /D _CRT_SECURE_NO_WARNINGS /D FT_DEBUG_LEVEL_ERROR /D FT_DEBUG_LEVEL_TRACE /D FT2_BUILD_LIBRARY /D _UNICODE /D UNICODE /Gm- /EHsc /RTC1 /MDd /GS /fp:precise /Za /Zc:wchar_t /Zc:forScope /Fo"..\..\..\objs\Win32\Debug\\" /Fd"..\..\..\objs\Win32\Debug\freetype.pdb" /Gd /TC /wd4001 /analyze- /errorReport:prompt ..\..\..\src\autofit\autofit.c ..\..\..\src\base\ftbase.c ..\..\..\src\base\ftbbox.c ..\..\..\src\base\ftbdf.c ..\..\..\src\base\ftbitmap.c ..\..\..\src\base\ftcid.c ..\..\..\src\base\ftfntfmt.c ..\..\..\src\base\ftfstype.c ..\..\..\src\base\ftgasp.c ..\..\..\src\base\ftglyph.c ..\..\..\src\base\ftgxval.c ..\..\..\src\base\ftinit.c ..\..\..\src\base\ftlcdfil.c ..\..\..\src\base\ftmm.c ..\..\..\src\base\ftotval.c ..\..\..\src\base\ftpatent.c ..\..\..\src\base\ftpfr.c ..\..\..\src\base\ftstroke.c ..\..\..\src\base\ftsynth.c ..\..\..\src\base\ftsystem.c ..\..\..\src\base\fttype1.c ..\..\..\src\base\ftwinfnt.c ..\..\..\src\bdf\bdf.c ..\..\..\src\cache\ftcache.c ..\..\..\src\cff\cff.c ..\..\..\src\cid\type1cid.c ..\..\..\src\gzip\ftgzip.c ..\..\..\src\lzw\ftlzw.c ..\..\..\src\pcf\pcf.c ..\..\..\src\pfr\pfr.c ..\..\..\src\psaux\psaux.c ..\..\..\src\pshinter\pshinter.c ..\..\..\src\psnames\psmodule.c ..\..\..\src\raster\raster.c ..\..\..\src\sfnt\sfnt.c ..\..\..\src\smooth\smooth.c ..\..\..\src\truetype\truetype.c ..\..\..\src\type1\type1.c ..\..\..\src\type42\type42.c ..\..\..\src\winfonts\winfnt.c
         autofit.c
         ftbase.c
         ftbbox.c
         ftbdf.c
         ftbitmap.c
         ftcid.c
         ftfntfmt.c
         ftfstype.c
     1>e:\unicode\freetype\freetype-2.9\src\autofit\afscript.h : warning C4819: The file contains a character that cannot be represented in the current code page (936). Save the file in Unicode format to prevent data loss (..\..\..\src\autofit\autofit.c)
     1>e:\unicode\freetype\freetype-2.9\src\autofit\afblue.c : warning C4819: The file contains a character that cannot be represented in the current code page (936). Save the file in Unicode format to prevent data loss (..\..\..\src\autofit\autofit.c)
     1>e:\unicode\freetype\freetype-2.9\src\autofit\afblue.c(253): warning C4819: The file contains a character that cannot be represented in the current code page (936). Save the file in Unicode format to prevent data loss (..\..\..\src\autofit\autofit.c)
         ftgasp.c
         ftglyph.c
         ftgxval.c
         ftinit.c
         ftlcdfil.c
         ftmm.c
         ftotval.c
         ftpatent.c
         ftpfr.c
         ftstroke.c
         ftsynth.c
         ftsystem.c
         fttype1.c
         ftwinfnt.c
         bdf.c
         ftcache.c
         cff.c
         type1cid.c
         ftgzip.c
         ftlzw.c
         pcf.c
         pfr.c
         psaux.c
         pshinter.c
         psmodule.c
         raster.c
         sfnt.c
         smooth.c
         truetype.c
         type1.c
         type42.c
         winfnt.c
     1>e:\unicode\freetype\freetype-2.9\src\sfnt\ttload.c : warning C4819: The file contains a character that cannot be represented in the current code page (936). Save the file in Unicode format to prevent data loss (..\..\..\src\sfnt\sfnt.c)
     1>e:\unicode\freetype\freetype-2.9\src\truetype\ttobjs.c(801): warning C4819: The file contains a character that cannot be represented in the current code page (936). Save the file in Unicode format to prevent data loss (..\..\..\src\truetype\truetype.c)
     1>e:\unicode\freetype\freetype-2.9\src\truetype\ttgxvar.c(2137): warning C4701: potentially uninitialized local variable 'fvar_head' used
         C:\Program Files (x86)\Microsoft Visual Studio 12.0\VC\bin\CL.exe /c /I..\..\..\include /Zi /nologo /W4 /WX- /MP /Od /Ob0 /Oy- /D WIN32 /D _DEBUG /D _LIB /D _CRT_SECURE_NO_WARNINGS /D FT_DEBUG_LEVEL_ERROR /D FT_DEBUG_LEVEL_TRACE /D FT2_BUILD_LIBRARY /D _UNICODE /D UNICODE /Gm- /EHsc /RTC1 /MDd /GS /fp:precise /Zc:wchar_t /Zc:forScope /Fo"..\..\..\objs\Win32\Debug\\" /Fd"..\..\..\objs\Win32\Debug\freetype.pdb" /Gd /TC /wd4001 /analyze- /errorReport:prompt ..\ftdebug.c
         ftdebug.c
       ResourceCompile:
         C:\Program Files (x86)\Windows Kits\8.1\bin\x86\rc.exe /D _DEBUG /D _DLL /D _UNICODE /D UNICODE /l"0x0409" /nologo /fo"..\..\..\objs\Win32\Debug\ftver.res" ..\ftver.rc 
     1>C:\Program Files (x86)\MSBuild\Microsoft.Cpp\v4.0\V120\Microsoft.CppBuild.targets(1363,5): warning MSB8012: TargetName(freetype) does not match the Library's OutputFile property value (freetypelib). This may cause your project to build incorrectly. To correct this, please make sure that $(OutDir), $(TargetName) and $(TargetExt) property values match the value specified in %(Lib.OutputFile).
       Lib:
         C:\Program Files (x86)\Microsoft Visual Studio 12.0\VC\bin\Lib.exe /OUT:"..\..\..\objs\Win32\Debug\freetypelib" /NOLOGO /MACHINE:X86 ..\..\..\objs\Win32\Debug\ftver.res
         ..\..\..\objs\Win32\Debug\autofit.obj
         ..\..\..\objs\Win32\Debug\ftbase.obj
         ..\..\..\objs\Win32\Debug\ftbbox.obj
         ..\..\..\objs\Win32\Debug\ftbdf.obj
         ..\..\..\objs\Win32\Debug\ftbitmap.obj
         ..\..\..\objs\Win32\Debug\ftcid.obj
         ..\..\..\objs\Win32\Debug\ftfntfmt.obj
         ..\..\..\objs\Win32\Debug\ftfstype.obj
         ..\..\..\objs\Win32\Debug\ftgasp.obj
         ..\..\..\objs\Win32\Debug\ftglyph.obj
         ..\..\..\objs\Win32\Debug\ftgxval.obj
         ..\..\..\objs\Win32\Debug\ftinit.obj
         ..\..\..\objs\Win32\Debug\ftlcdfil.obj
         ..\..\..\objs\Win32\Debug\ftmm.obj
         ..\..\..\objs\Win32\Debug\ftotval.obj
         ..\..\..\objs\Win32\Debug\ftpatent.obj
         ..\..\..\objs\Win32\Debug\ftpfr.obj
         ..\..\..\objs\Win32\Debug\ftstroke.obj
         ..\..\..\objs\Win32\Debug\ftsynth.obj
         ..\..\..\objs\Win32\Debug\ftsystem.obj
         ..\..\..\objs\Win32\Debug\fttype1.obj
         ..\..\..\objs\Win32\Debug\ftwinfnt.obj
         ..\..\..\objs\Win32\Debug\bdf.obj
         ..\..\..\objs\Win32\Debug\ftcache.obj
         ..\..\..\objs\Win32\Debug\cff.obj
         ..\..\..\objs\Win32\Debug\type1cid.obj
         ..\..\..\objs\Win32\Debug\ftgzip.obj
         ..\..\..\objs\Win32\Debug\ftlzw.obj
         ..\..\..\objs\Win32\Debug\pcf.obj
         ..\..\..\objs\Win32\Debug\pfr.obj
         ..\..\..\objs\Win32\Debug\psaux.obj
         ..\..\..\objs\Win32\Debug\pshinter.obj
         ..\..\..\objs\Win32\Debug\psmodule.obj
         ..\..\..\objs\Win32\Debug\raster.obj
         ..\..\..\objs\Win32\Debug\sfnt.obj
         ..\..\..\objs\Win32\Debug\smooth.obj
         ..\..\..\objs\Win32\Debug\truetype.obj
         ..\..\..\objs\Win32\Debug\type1.obj
         ..\..\..\objs\Win32\Debug\type42.obj
         ..\..\..\objs\Win32\Debug\winfnt.obj
         ..\..\..\objs\Win32\Debug\ftdebug.obj
         freetype.vcxproj -> E:\unicode\FreeType\freetype-2.9\builds\windows\vc2012\..\..\..\objs\Win32\Debug\freetypelib
     1>Done Building Project "E:\unicode\FreeType\freetype-2.9\builds\windows\vc2012\freetype.vcxproj" (Build target(s)).

Build succeeded.

Time Elapsed 00:00:02.24
